2021-08-13 11:08:430 INFO  BrowserFactory:44 - Clicked on Account...
2021-08-13 11:08:289 INFO  BrowserFactory:46 - Clicked on Login...
2021-08-13 11:08:373 INFO  BrowserFactory:48 - Username Entered...
2021-08-13 11:08:450 INFO  BrowserFactory:50 - Username Entered...
2021-08-13 11:08:23 INFO  BrowserFactory:52 - Clicked Login Button...
2021-08-13 11:08:904 INFO  BrowserFactory:58 - Searched item...
2021-08-13 11:08:945 INFO  BrowserFactory:60 - Item filtered...
2021-08-13 11:08:83 INFO  BrowserFactory:62 - Item Added to the cart...
2021-08-13 11:08:820 INFO  BrowserFactory:64 - Clicked on continue to shop...
2021-08-13 11:08:20 INFO  BrowserFactory:66 - Searched One more item...
2021-08-13 11:08:351 INFO  BrowserFactory:68 - One more item Added to the cart...
2021-08-13 11:08:199 INFO  BrowserFactory:70 - Cart details displayed...
2021-08-13 11:08:712 INFO  BrowserFactory:75 - Clicked on procead to checkOut...
2021-08-13 11:08:845 INFO  BrowserFactory:77 - Address entered....
2021-08-13 11:08:967 INFO  BrowserFactory:79 - OCity Entered...
2021-08-13 11:08:85 INFO  BrowserFactory:81 - ZipCode Entered...
2021-08-13 11:08:274 INFO  BrowserFactory:83 - Country Selected...
2021-08-13 11:08:427 INFO  BrowserFactory:85 - Telephone Entered...
2021-08-13 11:08:556 INFO  BrowserFactory:87 - Clicked on continues buttons...
2021-08-13 11:08:673 INFO  BrowserFactory:89 - Delivery Method selected and continue...
2021-08-13 11:08:731 INFO  BrowserFactory:91 - Clicked Place order...
2021-08-13 11:08:776 INFO  BrowserFactory:94 - *****ORDER PLACED******
2021-08-13 11:08:74 INFO  BrowserFactory:98 - Browser Closed...
